10:54:34: [INFO] [C:\Users\Mark\Desktop\WARG\autonomy-bootcamp-2026-p2\modules\heartbeat\heartbeat_receiver_worker.py | heartbeat_receiver_worker | 47] Logger initialized
10:54:34: [INFO] [C:\Users\Mark\Desktop\WARG\autonomy-bootcamp-2026-p2\modules\heartbeat\heartbeat_receiver_worker.py | heartbeat_receiver_worker | 61] HeartbeatReceiver created successfully
10:54:34: [INFO] [C:\Users\Mark\Desktop\WARG\autonomy-bootcamp-2026-p2\modules\heartbeat\heartbeat_receiver.py | run | 87] Received heartbeat from drone
10:54:34: [INFO] [C:\Users\Mark\Desktop\WARG\autonomy-bootcamp-2026-p2\modules\heartbeat\heartbeat_receiver_worker.py | heartbeat_receiver_worker | 74] Connection status: connected
10:54:34: [INFO] [C:\Users\Mark\Desktop\WARG\autonomy-bootcamp-2026-p2\modules\heartbeat\heartbeat_receiver.py | run | 87] Received heartbeat from drone
10:54:34: [INFO] [C:\Users\Mark\Desktop\WARG\autonomy-bootcamp-2026-p2\modules\heartbeat\heartbeat_receiver_worker.py | heartbeat_receiver_worker | 74] Connection status: connected
10:54:35: [WARNING] [C:\Users\Mark\Desktop\WARG\autonomy-bootcamp-2026-p2\modules\heartbeat\heartbeat_receiver.py | run | 91] Missed heartbeat (1/5)
10:54:35: [INFO] [C:\Users\Mark\Desktop\WARG\autonomy-bootcamp-2026-p2\modules\heartbeat\heartbeat_receiver_worker.py | heartbeat_receiver_worker | 74] Connection status: connected
10:54:35: [INFO] [C:\Users\Mark\Desktop\WARG\autonomy-bootcamp-2026-p2\modules\heartbeat\heartbeat_receiver.py | run | 87] Received heartbeat from drone
10:54:35: [INFO] [C:\Users\Mark\Desktop\WARG\autonomy-bootcamp-2026-p2\modules\heartbeat\heartbeat_receiver_worker.py | heartbeat_receiver_worker | 74] Connection status: connected
10:54:36: [WARNING] [C:\Users\Mark\Desktop\WARG\autonomy-bootcamp-2026-p2\modules\heartbeat\heartbeat_receiver.py | run | 91] Missed heartbeat (1/5)
10:54:36: [INFO] [C:\Users\Mark\Desktop\WARG\autonomy-bootcamp-2026-p2\modules\heartbeat\heartbeat_receiver_worker.py | heartbeat_receiver_worker | 74] Connection status: connected
10:54:36: [INFO] [C:\Users\Mark\Desktop\WARG\autonomy-bootcamp-2026-p2\modules\heartbeat\heartbeat_receiver.py | run | 87] Received heartbeat from drone
10:54:36: [INFO] [C:\Users\Mark\Desktop\WARG\autonomy-bootcamp-2026-p2\modules\heartbeat\heartbeat_receiver_worker.py | heartbeat_receiver_worker | 74] Connection status: connected
10:54:37: [INFO] [C:\Users\Mark\Desktop\WARG\autonomy-bootcamp-2026-p2\modules\heartbeat\heartbeat_receiver.py | run | 87] Received heartbeat from drone
10:54:37: [INFO] [C:\Users\Mark\Desktop\WARG\autonomy-bootcamp-2026-p2\modules\heartbeat\heartbeat_receiver_worker.py | heartbeat_receiver_worker | 74] Connection status: connected
10:54:38: [WARNING] [C:\Users\Mark\Desktop\WARG\autonomy-bootcamp-2026-p2\modules\heartbeat\heartbeat_receiver.py | run | 91] Missed heartbeat (1/5)
10:54:38: [INFO] [C:\Users\Mark\Desktop\WARG\autonomy-bootcamp-2026-p2\modules\heartbeat\heartbeat_receiver_worker.py | heartbeat_receiver_worker | 74] Connection status: connected
10:54:39: [WARNING] [C:\Users\Mark\Desktop\WARG\autonomy-bootcamp-2026-p2\modules\heartbeat\heartbeat_receiver.py | run | 91] Missed heartbeat (2/5)
10:54:39: [INFO] [C:\Users\Mark\Desktop\WARG\autonomy-bootcamp-2026-p2\modules\heartbeat\heartbeat_receiver_worker.py | heartbeat_receiver_worker | 74] Connection status: connected
10:54:40: [WARNING] [C:\Users\Mark\Desktop\WARG\autonomy-bootcamp-2026-p2\modules\heartbeat\heartbeat_receiver.py | run | 91] Missed heartbeat (3/5)
10:54:40: [INFO] [C:\Users\Mark\Desktop\WARG\autonomy-bootcamp-2026-p2\modules\heartbeat\heartbeat_receiver_worker.py | heartbeat_receiver_worker | 74] Connection status: connected
10:54:41: [WARNING] [C:\Users\Mark\Desktop\WARG\autonomy-bootcamp-2026-p2\modules\heartbeat\heartbeat_receiver.py | run | 91] Missed heartbeat (4/5)
10:54:41: [INFO] [C:\Users\Mark\Desktop\WARG\autonomy-bootcamp-2026-p2\modules\heartbeat\heartbeat_receiver_worker.py | heartbeat_receiver_worker | 74] Connection status: connected
10:54:42: [WARNING] [C:\Users\Mark\Desktop\WARG\autonomy-bootcamp-2026-p2\modules\heartbeat\heartbeat_receiver.py | run | 91] Missed heartbeat (5/5)
10:54:42: [WARNING] [C:\Users\Mark\Desktop\WARG\autonomy-bootcamp-2026-p2\modules\heartbeat\heartbeat_receiver.py | run | 98] Connection lost: too many missed heartbeats
10:54:42: [INFO] [C:\Users\Mark\Desktop\WARG\autonomy-bootcamp-2026-p2\modules\heartbeat\heartbeat_receiver_worker.py | heartbeat_receiver_worker | 74] Connection status: disconnected
10:54:43: [WARNING] [C:\Users\Mark\Desktop\WARG\autonomy-bootcamp-2026-p2\modules\heartbeat\heartbeat_receiver.py | run | 91] Missed heartbeat (6/5)
10:54:43: [WARNING] [C:\Users\Mark\Desktop\WARG\autonomy-bootcamp-2026-p2\modules\heartbeat\heartbeat_receiver.py | run | 98] Connection lost: too many missed heartbeats
10:54:43: [INFO] [C:\Users\Mark\Desktop\WARG\autonomy-bootcamp-2026-p2\modules\heartbeat\heartbeat_receiver_worker.py | heartbeat_receiver_worker | 74] Connection status: disconnected
10:54:44: [WARNING] [C:\Users\Mark\Desktop\WARG\autonomy-bootcamp-2026-p2\modules\heartbeat\heartbeat_receiver.py | run | 91] Missed heartbeat (7/5)
10:54:44: [WARNING] [C:\Users\Mark\Desktop\WARG\autonomy-bootcamp-2026-p2\modules\heartbeat\heartbeat_receiver.py | run | 98] Connection lost: too many missed heartbeats
10:54:44: [INFO] [C:\Users\Mark\Desktop\WARG\autonomy-bootcamp-2026-p2\modules\heartbeat\heartbeat_receiver_worker.py | heartbeat_receiver_worker | 74] Connection status: disconnected
10:54:45: [WARNING] [C:\Users\Mark\Desktop\WARG\autonomy-bootcamp-2026-p2\modules\heartbeat\heartbeat_receiver.py | run | 91] Missed heartbeat (8/5)
10:54:45: [WARNING] [C:\Users\Mark\Desktop\WARG\autonomy-bootcamp-2026-p2\modules\heartbeat\heartbeat_receiver.py | run | 98] Connection lost: too many missed heartbeats
10:54:45: [INFO] [C:\Users\Mark\Desktop\WARG\autonomy-bootcamp-2026-p2\modules\heartbeat\heartbeat_receiver_worker.py | heartbeat_receiver_worker | 74] Connection status: disconnected
10:54:46: [INFO] [C:\Users\Mark\Desktop\WARG\autonomy-bootcamp-2026-p2\modules\heartbeat\heartbeat_receiver.py | run | 87] Received heartbeat from drone
10:54:46: [INFO] [C:\Users\Mark\Desktop\WARG\autonomy-bootcamp-2026-p2\modules\heartbeat\heartbeat_receiver_worker.py | heartbeat_receiver_worker | 74] Connection status: connected
10:54:47: [INFO] [C:\Users\Mark\Desktop\WARG\autonomy-bootcamp-2026-p2\modules\heartbeat\heartbeat_receiver.py | run | 87] Received heartbeat from drone
10:54:47: [INFO] [C:\Users\Mark\Desktop\WARG\autonomy-bootcamp-2026-p2\modules\heartbeat\heartbeat_receiver_worker.py | heartbeat_receiver_worker | 74] Connection status: connected
10:54:48: [INFO] [C:\Users\Mark\Desktop\WARG\autonomy-bootcamp-2026-p2\modules\heartbeat\heartbeat_receiver.py | run | 87] Received heartbeat from drone
10:54:48: [INFO] [C:\Users\Mark\Desktop\WARG\autonomy-bootcamp-2026-p2\modules\heartbeat\heartbeat_receiver_worker.py | heartbeat_receiver_worker | 74] Connection status: connected
10:54:49: [INFO] [C:\Users\Mark\Desktop\WARG\autonomy-bootcamp-2026-p2\modules\heartbeat\heartbeat_receiver.py | run | 87] Received heartbeat from drone
10:54:49: [INFO] [C:\Users\Mark\Desktop\WARG\autonomy-bootcamp-2026-p2\modules\heartbeat\heartbeat_receiver_worker.py | heartbeat_receiver_worker | 74] Connection status: connected
10:54:50: [INFO] [C:\Users\Mark\Desktop\WARG\autonomy-bootcamp-2026-p2\modules\heartbeat\heartbeat_receiver.py | run | 87] Received heartbeat from drone
10:54:50: [INFO] [C:\Users\Mark\Desktop\WARG\autonomy-bootcamp-2026-p2\modules\heartbeat\heartbeat_receiver_worker.py | heartbeat_receiver_worker | 74] Connection status: connected
10:54:51: [WARNING] [C:\Users\Mark\Desktop\WARG\autonomy-bootcamp-2026-p2\modules\heartbeat\heartbeat_receiver.py | run | 91] Missed heartbeat (1/5)
10:54:51: [INFO] [C:\Users\Mark\Desktop\WARG\autonomy-bootcamp-2026-p2\modules\heartbeat\heartbeat_receiver_worker.py | heartbeat_receiver_worker | 74] Connection status: connected
10:54:52: [INFO] [C:\Users\Mark\Desktop\WARG\autonomy-bootcamp-2026-p2\modules\heartbeat\heartbeat_receiver.py | run | 87] Received heartbeat from drone
10:54:52: [INFO] [C:\Users\Mark\Desktop\WARG\autonomy-bootcamp-2026-p2\modules\heartbeat\heartbeat_receiver_worker.py | heartbeat_receiver_worker | 74] Connection status: connected
10:54:53: [WARNING] [C:\Users\Mark\Desktop\WARG\autonomy-bootcamp-2026-p2\modules\heartbeat\heartbeat_receiver.py | run | 91] Missed heartbeat (1/5)
10:54:53: [INFO] [C:\Users\Mark\Desktop\WARG\autonomy-bootcamp-2026-p2\modules\heartbeat\heartbeat_receiver_worker.py | heartbeat_receiver_worker | 74] Connection status: connected
10:54:54: [WARNING] [C:\Users\Mark\Desktop\WARG\autonomy-bootcamp-2026-p2\modules\heartbeat\heartbeat_receiver.py | run | 91] Missed heartbeat (2/5)
10:54:54: [INFO] [C:\Users\Mark\Desktop\WARG\autonomy-bootcamp-2026-p2\modules\heartbeat\heartbeat_receiver_worker.py | heartbeat_receiver_worker | 74] Connection status: connected
10:54:54: [INFO] [C:\Users\Mark\Desktop\WARG\autonomy-bootcamp-2026-p2\modules\heartbeat\heartbeat_receiver_worker.py | heartbeat_receiver_worker | 76] Heartbeat receiver worker exiting
