10:55:19: [INFO] [C:\Users\Mark\Desktop\WARG\autonomy-bootcamp-2026-p2\modules\telemetry\telemetry_worker.py | telemetry_worker | 47] Logger initialized
10:55:19: [INFO] [C:\Users\Mark\Desktop\WARG\autonomy-bootcamp-2026-p2\modules\telemetry\telemetry_worker.py | telemetry_worker | 61] Telemetry created successfully
10:55:19: [DEBUG] [C:\Users\Mark\Desktop\WARG\autonomy-bootcamp-2026-p2\modules\telemetry\telemetry.py | run | 148] Received ATTITUDE: yaw=0.0
10:55:19: [DEBUG] [C:\Users\Mark\Desktop\WARG\autonomy-bootcamp-2026-p2\modules\telemetry\telemetry.py | run | 153] Received LOCAL_POSITION_NED: x=0.0, y=0.0, z=0.0
10:55:19: [INFO] [C:\Users\Mark\Desktop\WARG\autonomy-bootcamp-2026-p2\modules\telemetry\telemetry.py | run | 179] Telemetry data received: {
            time_since_boot: 0,
            x: 0.0,
            y: 0.0,
            z: 0.0,
            x_velocity: 1.0,
            y_velocity: 0.0,
            z_velocity: 0.0,
            roll: 0.0,
            pitch: 0.0,
            yaw: 0.0,
            roll_speed: 0.0,
            pitch_speed: 0.0,
            yaw_speed: 3.1415927410125732
        }
10:55:19: [INFO] [C:\Users\Mark\Desktop\WARG\autonomy-bootcamp-2026-p2\modules\telemetry\telemetry_worker.py | telemetry_worker | 74] Telemetry data sent to queue: {
            time_since_boot: 0,
            x: 0.0,
            y: 0.0,
            z: 0.0,
            x_velocity: 1.0,
            y_velocity: 0.0,
            z_velocity: 0.0,
            roll: 0.0,
            pitch: 0.0,
            yaw: 0.0,
            roll_speed: 0.0,
            pitch_speed: 0.0,
            yaw_speed: 3.1415927410125732
        }
10:55:19: [DEBUG] [C:\Users\Mark\Desktop\WARG\autonomy-bootcamp-2026-p2\modules\telemetry\telemetry.py | run | 148] Received ATTITUDE: yaw=1.0471975803375244
10:55:19: [DEBUG] [C:\Users\Mark\Desktop\WARG\autonomy-bootcamp-2026-p2\modules\telemetry\telemetry.py | run | 153] Received LOCAL_POSITION_NED: x=0.5, y=0.0, z=0.0
10:55:19: [INFO] [C:\Users\Mark\Desktop\WARG\autonomy-bootcamp-2026-p2\modules\telemetry\telemetry.py | run | 179] Telemetry data received: {
            time_since_boot: 500,
            x: 0.5,
            y: 0.0,
            z: 0.0,
            x_velocity: 1.0,
            y_velocity: 0.0,
            z_velocity: 0.0,
            roll: 0.0,
            pitch: 0.0,
            yaw: 1.0471975803375244,
            roll_speed: 0.0,
            pitch_speed: 0.0,
            yaw_speed: 3.1415927410125732
        }
10:55:19: [INFO] [C:\Users\Mark\Desktop\WARG\autonomy-bootcamp-2026-p2\modules\telemetry\telemetry_worker.py | telemetry_worker | 74] Telemetry data sent to queue: {
            time_since_boot: 500,
            x: 0.5,
            y: 0.0,
            z: 0.0,
            x_velocity: 1.0,
            y_velocity: 0.0,
            z_velocity: 0.0,
            roll: 0.0,
            pitch: 0.0,
            yaw: 1.0471975803375244,
            roll_speed: 0.0,
            pitch_speed: 0.0,
            yaw_speed: 3.1415927410125732
        }
10:55:19: [DEBUG] [C:\Users\Mark\Desktop\WARG\autonomy-bootcamp-2026-p2\modules\telemetry\telemetry.py | run | 148] Received ATTITUDE: yaw=2.094395160675049
10:55:19: [DEBUG] [C:\Users\Mark\Desktop\WARG\autonomy-bootcamp-2026-p2\modules\telemetry\telemetry.py | run | 148] Received ATTITUDE: yaw=3.1415927410125732
10:55:19: [DEBUG] [C:\Users\Mark\Desktop\WARG\autonomy-bootcamp-2026-p2\modules\telemetry\telemetry.py | run | 153] Received LOCAL_POSITION_NED: x=1.0, y=0.0, z=0.0
10:55:19: [INFO] [C:\Users\Mark\Desktop\WARG\autonomy-bootcamp-2026-p2\modules\telemetry\telemetry.py | run | 179] Telemetry data received: {
            time_since_boot: 1000,
            x: 1.0,
            y: 0.0,
            z: 0.0,
            x_velocity: 1.0,
            y_velocity: 0.0,
            z_velocity: 0.0,
            roll: 0.0,
            pitch: 0.0,
            yaw: 3.1415927410125732,
            roll_speed: 0.0,
            pitch_speed: 0.0,
            yaw_speed: 3.1415927410125732
        }
10:55:19: [INFO] [C:\Users\Mark\Desktop\WARG\autonomy-bootcamp-2026-p2\modules\telemetry\telemetry_worker.py | telemetry_worker | 74] Telemetry data sent to queue: {
            time_since_boot: 1000,
            x: 1.0,
            y: 0.0,
            z: 0.0,
            x_velocity: 1.0,
            y_velocity: 0.0,
            z_velocity: 0.0,
            roll: 0.0,
            pitch: 0.0,
            yaw: 3.1415927410125732,
            roll_speed: 0.0,
            pitch_speed: 0.0,
            yaw_speed: 3.1415927410125732
        }
10:55:19: [DEBUG] [C:\Users\Mark\Desktop\WARG\autonomy-bootcamp-2026-p2\modules\telemetry\telemetry.py | run | 148] Received ATTITUDE: yaw=-2.094395160675049
10:55:19: [DEBUG] [C:\Users\Mark\Desktop\WARG\autonomy-bootcamp-2026-p2\modules\telemetry\telemetry.py | run | 153] Received LOCAL_POSITION_NED: x=1.5, y=0.0, z=0.0
10:55:19: [INFO] [C:\Users\Mark\Desktop\WARG\autonomy-bootcamp-2026-p2\modules\telemetry\telemetry.py | run | 179] Telemetry data received: {
            time_since_boot: 1500,
            x: 1.5,
            y: 0.0,
            z: 0.0,
            x_velocity: 1.0,
            y_velocity: 0.0,
            z_velocity: 0.0,
            roll: 0.0,
            pitch: 0.0,
            yaw: -2.094395160675049,
            roll_speed: 0.0,
            pitch_speed: 0.0,
            yaw_speed: 3.1415927410125732
        }
10:55:19: [INFO] [C:\Users\Mark\Desktop\WARG\autonomy-bootcamp-2026-p2\modules\telemetry\telemetry_worker.py | telemetry_worker | 74] Telemetry data sent to queue: {
            time_since_boot: 1500,
            x: 1.5,
            y: 0.0,
            z: 0.0,
            x_velocity: 1.0,
            y_velocity: 0.0,
            z_velocity: 0.0,
            roll: 0.0,
            pitch: 0.0,
            yaw: -2.094395160675049,
            roll_speed: 0.0,
            pitch_speed: 0.0,
            yaw_speed: 3.1415927410125732
        }
10:55:19: [DEBUG] [C:\Users\Mark\Desktop\WARG\autonomy-bootcamp-2026-p2\modules\telemetry\telemetry.py | run | 148] Received ATTITUDE: yaw=-1.0471975803375244
10:55:19: [DEBUG] [C:\Users\Mark\Desktop\WARG\autonomy-bootcamp-2026-p2\modules\telemetry\telemetry.py | run | 148] Received ATTITUDE: yaw=0.0
10:55:19: [DEBUG] [C:\Users\Mark\Desktop\WARG\autonomy-bootcamp-2026-p2\modules\telemetry\telemetry.py | run | 153] Received LOCAL_POSITION_NED: x=2.0, y=0.0, z=0.0
10:55:19: [INFO] [C:\Users\Mark\Desktop\WARG\autonomy-bootcamp-2026-p2\modules\telemetry\telemetry.py | run | 179] Telemetry data received: {
            time_since_boot: 2000,
            x: 2.0,
            y: 0.0,
            z: 0.0,
            x_velocity: 1.0,
            y_velocity: 0.0,
            z_velocity: 0.0,
            roll: 0.0,
            pitch: 0.0,
            yaw: 0.0,
            roll_speed: 0.0,
            pitch_speed: 0.0,
            yaw_speed: 3.1415927410125732
        }
10:55:19: [INFO] [C:\Users\Mark\Desktop\WARG\autonomy-bootcamp-2026-p2\modules\telemetry\telemetry_worker.py | telemetry_worker | 74] Telemetry data sent to queue: {
            time_since_boot: 2000,
            x: 2.0,
            y: 0.0,
            z: 0.0,
            x_velocity: 1.0,
            y_velocity: 0.0,
            z_velocity: 0.0,
            roll: 0.0,
            pitch: 0.0,
            yaw: 0.0,
            roll_speed: 0.0,
            pitch_speed: 0.0,
            yaw_speed: 3.1415927410125732
        }
10:55:20: [DEBUG] [C:\Users\Mark\Desktop\WARG\autonomy-bootcamp-2026-p2\modules\telemetry\telemetry.py | run | 148] Received ATTITUDE: yaw=1.0471975803375244
10:55:20: [DEBUG] [C:\Users\Mark\Desktop\WARG\autonomy-bootcamp-2026-p2\modules\telemetry\telemetry.py | run | 153] Received LOCAL_POSITION_NED: x=2.5, y=0.0, z=0.0
10:55:20: [INFO] [C:\Users\Mark\Desktop\WARG\autonomy-bootcamp-2026-p2\modules\telemetry\telemetry.py | run | 179] Telemetry data received: {
            time_since_boot: 2500,
            x: 2.5,
            y: 0.0,
            z: 0.0,
            x_velocity: 1.0,
            y_velocity: 0.0,
            z_velocity: 0.0,
            roll: 0.0,
            pitch: 0.0,
            yaw: 1.0471975803375244,
            roll_speed: 0.0,
            pitch_speed: 0.0,
            yaw_speed: 3.1415927410125732
        }
10:55:20: [INFO] [C:\Users\Mark\Desktop\WARG\autonomy-bootcamp-2026-p2\modules\telemetry\telemetry_worker.py | telemetry_worker | 74] Telemetry data sent to queue: {
            time_since_boot: 2500,
            x: 2.5,
            y: 0.0,
            z: 0.0,
            x_velocity: 1.0,
            y_velocity: 0.0,
            z_velocity: 0.0,
            roll: 0.0,
            pitch: 0.0,
            yaw: 1.0471975803375244,
            roll_speed: 0.0,
            pitch_speed: 0.0,
            yaw_speed: 3.1415927410125732
        }
10:55:20: [DEBUG] [C:\Users\Mark\Desktop\WARG\autonomy-bootcamp-2026-p2\modules\telemetry\telemetry.py | run | 148] Received ATTITUDE: yaw=2.094395160675049
10:55:20: [DEBUG] [C:\Users\Mark\Desktop\WARG\autonomy-bootcamp-2026-p2\modules\telemetry\telemetry.py | run | 148] Received ATTITUDE: yaw=3.1415927410125732
10:55:20: [DEBUG] [C:\Users\Mark\Desktop\WARG\autonomy-bootcamp-2026-p2\modules\telemetry\telemetry.py | run | 153] Received LOCAL_POSITION_NED: x=3.0, y=0.0, z=0.0
10:55:20: [INFO] [C:\Users\Mark\Desktop\WARG\autonomy-bootcamp-2026-p2\modules\telemetry\telemetry.py | run | 179] Telemetry data received: {
            time_since_boot: 3000,
            x: 3.0,
            y: 0.0,
            z: 0.0,
            x_velocity: 1.0,
            y_velocity: 0.0,
            z_velocity: 0.0,
            roll: 0.0,
            pitch: 0.0,
            yaw: 3.1415927410125732,
            roll_speed: 0.0,
            pitch_speed: 0.0,
            yaw_speed: 3.1415927410125732
        }
10:55:20: [INFO] [C:\Users\Mark\Desktop\WARG\autonomy-bootcamp-2026-p2\modules\telemetry\telemetry_worker.py | telemetry_worker | 74] Telemetry data sent to queue: {
            time_since_boot: 3000,
            x: 3.0,
            y: 0.0,
            z: 0.0,
            x_velocity: 1.0,
            y_velocity: 0.0,
            z_velocity: 0.0,
            roll: 0.0,
            pitch: 0.0,
            yaw: 3.1415927410125732,
            roll_speed: 0.0,
            pitch_speed: 0.0,
            yaw_speed: 3.1415927410125732
        }
10:55:21: [DEBUG] [C:\Users\Mark\Desktop\WARG\autonomy-bootcamp-2026-p2\modules\telemetry\telemetry.py | run | 148] Received ATTITUDE: yaw=-2.094395160675049
10:55:21: [DEBUG] [C:\Users\Mark\Desktop\WARG\autonomy-bootcamp-2026-p2\modules\telemetry\telemetry.py | run | 153] Received LOCAL_POSITION_NED: x=3.5, y=0.0, z=0.0
10:55:21: [INFO] [C:\Users\Mark\Desktop\WARG\autonomy-bootcamp-2026-p2\modules\telemetry\telemetry.py | run | 179] Telemetry data received: {
            time_since_boot: 3500,
            x: 3.5,
            y: 0.0,
            z: 0.0,
            x_velocity: 1.0,
            y_velocity: 0.0,
            z_velocity: 0.0,
            roll: 0.0,
            pitch: 0.0,
            yaw: -2.094395160675049,
            roll_speed: 0.0,
            pitch_speed: 0.0,
            yaw_speed: 3.1415927410125732
        }
10:55:21: [INFO] [C:\Users\Mark\Desktop\WARG\autonomy-bootcamp-2026-p2\modules\telemetry\telemetry_worker.py | telemetry_worker | 74] Telemetry data sent to queue: {
            time_since_boot: 3500,
            x: 3.5,
            y: 0.0,
            z: 0.0,
            x_velocity: 1.0,
            y_velocity: 0.0,
            z_velocity: 0.0,
            roll: 0.0,
            pitch: 0.0,
            yaw: -2.094395160675049,
            roll_speed: 0.0,
            pitch_speed: 0.0,
            yaw_speed: 3.1415927410125732
        }
10:55:21: [DEBUG] [C:\Users\Mark\Desktop\WARG\autonomy-bootcamp-2026-p2\modules\telemetry\telemetry.py | run | 148] Received ATTITUDE: yaw=-1.0471975803375244
10:55:21: [DEBUG] [C:\Users\Mark\Desktop\WARG\autonomy-bootcamp-2026-p2\modules\telemetry\telemetry.py | run | 148] Received ATTITUDE: yaw=0.0
10:55:21: [DEBUG] [C:\Users\Mark\Desktop\WARG\autonomy-bootcamp-2026-p2\modules\telemetry\telemetry.py | run | 153] Received LOCAL_POSITION_NED: x=4.0, y=0.0, z=0.0
10:55:21: [INFO] [C:\Users\Mark\Desktop\WARG\autonomy-bootcamp-2026-p2\modules\telemetry\telemetry.py | run | 179] Telemetry data received: {
            time_since_boot: 4000,
            x: 4.0,
            y: 0.0,
            z: 0.0,
            x_velocity: 1.0,
            y_velocity: 0.0,
            z_velocity: 0.0,
            roll: 0.0,
            pitch: 0.0,
            yaw: 0.0,
            roll_speed: 0.0,
            pitch_speed: 0.0,
            yaw_speed: 3.1415927410125732
        }
10:55:21: [INFO] [C:\Users\Mark\Desktop\WARG\autonomy-bootcamp-2026-p2\modules\telemetry\telemetry_worker.py | telemetry_worker | 74] Telemetry data sent to queue: {
            time_since_boot: 4000,
            x: 4.0,
            y: 0.0,
            z: 0.0,
            x_velocity: 1.0,
            y_velocity: 0.0,
            z_velocity: 0.0,
            roll: 0.0,
            pitch: 0.0,
            yaw: 0.0,
            roll_speed: 0.0,
            pitch_speed: 0.0,
            yaw_speed: 3.1415927410125732
        }
10:55:22: [DEBUG] [C:\Users\Mark\Desktop\WARG\autonomy-bootcamp-2026-p2\modules\telemetry\telemetry.py | run | 148] Received ATTITUDE: yaw=1.0471975803375244
10:55:22: [DEBUG] [C:\Users\Mark\Desktop\WARG\autonomy-bootcamp-2026-p2\modules\telemetry\telemetry.py | run | 153] Received LOCAL_POSITION_NED: x=4.5, y=0.0, z=0.0
10:55:22: [INFO] [C:\Users\Mark\Desktop\WARG\autonomy-bootcamp-2026-p2\modules\telemetry\telemetry.py | run | 179] Telemetry data received: {
            time_since_boot: 4500,
            x: 4.5,
            y: 0.0,
            z: 0.0,
            x_velocity: 1.0,
            y_velocity: 0.0,
            z_velocity: 0.0,
            roll: 0.0,
            pitch: 0.0,
            yaw: 1.0471975803375244,
            roll_speed: 0.0,
            pitch_speed: 0.0,
            yaw_speed: 3.1415927410125732
        }
10:55:22: [INFO] [C:\Users\Mark\Desktop\WARG\autonomy-bootcamp-2026-p2\modules\telemetry\telemetry_worker.py | telemetry_worker | 74] Telemetry data sent to queue: {
            time_since_boot: 4500,
            x: 4.5,
            y: 0.0,
            z: 0.0,
            x_velocity: 1.0,
            y_velocity: 0.0,
            z_velocity: 0.0,
            roll: 0.0,
            pitch: 0.0,
            yaw: 1.0471975803375244,
            roll_speed: 0.0,
            pitch_speed: 0.0,
            yaw_speed: 3.1415927410125732
        }
10:55:22: [DEBUG] [C:\Users\Mark\Desktop\WARG\autonomy-bootcamp-2026-p2\modules\telemetry\telemetry.py | run | 148] Received ATTITUDE: yaw=2.094395160675049
10:55:23: [ERROR] [C:\Users\Mark\Desktop\WARG\autonomy-bootcamp-2026-p2\modules\telemetry\telemetry.py | run | 187] Telemetry timeout: did not receive both ATTITUDE and LOCAL_POSITION_NED
10:55:23: [DEBUG] [C:\Users\Mark\Desktop\WARG\autonomy-bootcamp-2026-p2\modules\telemetry\telemetry.py | run | 148] Received ATTITUDE: yaw=3.0
10:55:24: [ERROR] [C:\Users\Mark\Desktop\WARG\autonomy-bootcamp-2026-p2\modules\telemetry\telemetry.py | run | 187] Telemetry timeout: did not receive both ATTITUDE and LOCAL_POSITION_NED
10:55:24: [DEBUG] [C:\Users\Mark\Desktop\WARG\autonomy-bootcamp-2026-p2\modules\telemetry\telemetry.py | run | 153] Received LOCAL_POSITION_NED: x=3.0, y=2.0, z=1.0
10:55:25: [ERROR] [C:\Users\Mark\Desktop\WARG\autonomy-bootcamp-2026-p2\modules\telemetry\telemetry.py | run | 187] Telemetry timeout: did not receive both ATTITUDE and LOCAL_POSITION_NED
10:55:25: [DEBUG] [C:\Users\Mark\Desktop\WARG\autonomy-bootcamp-2026-p2\modules\telemetry\telemetry.py | run | 148] Received ATTITUDE: yaw=0.0
10:55:25: [DEBUG] [C:\Users\Mark\Desktop\WARG\autonomy-bootcamp-2026-p2\modules\telemetry\telemetry.py | run | 153] Received LOCAL_POSITION_NED: x=0.0, y=0.0, z=0.0
10:55:25: [INFO] [C:\Users\Mark\Desktop\WARG\autonomy-bootcamp-2026-p2\modules\telemetry\telemetry.py | run | 179] Telemetry data received: {
            time_since_boot: 0,
            x: 0.0,
            y: 0.0,
            z: 0.0,
            x_velocity: 1.0,
            y_velocity: 0.0,
            z_velocity: 0.0,
            roll: 0.0,
            pitch: 0.0,
            yaw: 0.0,
            roll_speed: 0.0,
            pitch_speed: 0.0,
            yaw_speed: 3.1415927410125732
        }
10:55:25: [INFO] [C:\Users\Mark\Desktop\WARG\autonomy-bootcamp-2026-p2\modules\telemetry\telemetry_worker.py | telemetry_worker | 74] Telemetry data sent to queue: {
            time_since_boot: 0,
            x: 0.0,
            y: 0.0,
            z: 0.0,
            x_velocity: 1.0,
            y_velocity: 0.0,
            z_velocity: 0.0,
            roll: 0.0,
            pitch: 0.0,
            yaw: 0.0,
            roll_speed: 0.0,
            pitch_speed: 0.0,
            yaw_speed: 3.1415927410125732
        }
10:55:26: [DEBUG] [C:\Users\Mark\Desktop\WARG\autonomy-bootcamp-2026-p2\modules\telemetry\telemetry.py | run | 153] Received LOCAL_POSITION_NED: x=0.3333333432674408, y=0.0, z=0.0
10:55:26: [DEBUG] [C:\Users\Mark\Desktop\WARG\autonomy-bootcamp-2026-p2\modules\telemetry\telemetry.py | run | 148] Received ATTITUDE: yaw=1.5707963705062866
10:55:26: [INFO] [C:\Users\Mark\Desktop\WARG\autonomy-bootcamp-2026-p2\modules\telemetry\telemetry.py | run | 179] Telemetry data received: {
            time_since_boot: 500,
            x: 0.3333333432674408,
            y: 0.0,
            z: 0.0,
            x_velocity: 1.0,
            y_velocity: 0.0,
            z_velocity: 0.0,
            roll: 0.0,
            pitch: 0.0,
            yaw: 1.5707963705062866,
            roll_speed: 0.0,
            pitch_speed: 0.0,
            yaw_speed: 3.1415927410125732
        }
10:55:26: [INFO] [C:\Users\Mark\Desktop\WARG\autonomy-bootcamp-2026-p2\modules\telemetry\telemetry_worker.py | telemetry_worker | 74] Telemetry data sent to queue: {
            time_since_boot: 500,
            x: 0.3333333432674408,
            y: 0.0,
            z: 0.0,
            x_velocity: 1.0,
            y_velocity: 0.0,
            z_velocity: 0.0,
            roll: 0.0,
            pitch: 0.0,
            yaw: 1.5707963705062866,
            roll_speed: 0.0,
            pitch_speed: 0.0,
            yaw_speed: 3.1415927410125732
        }
10:55:26: [DEBUG] [C:\Users\Mark\Desktop\WARG\autonomy-bootcamp-2026-p2\modules\telemetry\telemetry.py | run | 153] Received LOCAL_POSITION_NED: x=0.6666666865348816, y=0.0, z=0.0
10:55:26: [DEBUG] [C:\Users\Mark\Desktop\WARG\autonomy-bootcamp-2026-p2\modules\telemetry\telemetry.py | run | 148] Received ATTITUDE: yaw=3.1415927410125732
10:55:26: [INFO] [C:\Users\Mark\Desktop\WARG\autonomy-bootcamp-2026-p2\modules\telemetry\telemetry.py | run | 179] Telemetry data received: {
            time_since_boot: 1000,
            x: 0.6666666865348816,
            y: 0.0,
            z: 0.0,
            x_velocity: 1.0,
            y_velocity: 0.0,
            z_velocity: 0.0,
            roll: 0.0,
            pitch: 0.0,
            yaw: 3.1415927410125732,
            roll_speed: 0.0,
            pitch_speed: 0.0,
            yaw_speed: 3.1415927410125732
        }
10:55:26: [INFO] [C:\Users\Mark\Desktop\WARG\autonomy-bootcamp-2026-p2\modules\telemetry\telemetry_worker.py | telemetry_worker | 74] Telemetry data sent to queue: {
            time_since_boot: 1000,
            x: 0.6666666865348816,
            y: 0.0,
            z: 0.0,
            x_velocity: 1.0,
            y_velocity: 0.0,
            z_velocity: 0.0,
            roll: 0.0,
            pitch: 0.0,
            yaw: 3.1415927410125732,
            roll_speed: 0.0,
            pitch_speed: 0.0,
            yaw_speed: 3.1415927410125732
        }
10:55:26: [DEBUG] [C:\Users\Mark\Desktop\WARG\autonomy-bootcamp-2026-p2\modules\telemetry\telemetry.py | run | 153] Received LOCAL_POSITION_NED: x=1.0, y=0.0, z=0.0
10:55:27: [DEBUG] [C:\Users\Mark\Desktop\WARG\autonomy-bootcamp-2026-p2\modules\telemetry\telemetry.py | run | 153] Received LOCAL_POSITION_NED: x=1.3333333730697632, y=0.0, z=0.0
10:55:27: [DEBUG] [C:\Users\Mark\Desktop\WARG\autonomy-bootcamp-2026-p2\modules\telemetry\telemetry.py | run | 148] Received ATTITUDE: yaw=-1.5707963705062866
10:55:27: [INFO] [C:\Users\Mark\Desktop\WARG\autonomy-bootcamp-2026-p2\modules\telemetry\telemetry.py | run | 179] Telemetry data received: {
            time_since_boot: 1500,
            x: 1.3333333730697632,
            y: 0.0,
            z: 0.0,
            x_velocity: 1.0,
            y_velocity: 0.0,
            z_velocity: 0.0,
            roll: 0.0,
            pitch: 0.0,
            yaw: -1.5707963705062866,
            roll_speed: 0.0,
            pitch_speed: 0.0,
            yaw_speed: 3.1415927410125732
        }
10:55:27: [INFO] [C:\Users\Mark\Desktop\WARG\autonomy-bootcamp-2026-p2\modules\telemetry\telemetry_worker.py | telemetry_worker | 74] Telemetry data sent to queue: {
            time_since_boot: 1500,
            x: 1.3333333730697632,
            y: 0.0,
            z: 0.0,
            x_velocity: 1.0,
            y_velocity: 0.0,
            z_velocity: 0.0,
            roll: 0.0,
            pitch: 0.0,
            yaw: -1.5707963705062866,
            roll_speed: 0.0,
            pitch_speed: 0.0,
            yaw_speed: 3.1415927410125732
        }
10:55:27: [DEBUG] [C:\Users\Mark\Desktop\WARG\autonomy-bootcamp-2026-p2\modules\telemetry\telemetry.py | run | 153] Received LOCAL_POSITION_NED: x=1.6666666269302368, y=0.0, z=0.0
10:55:27: [DEBUG] [C:\Users\Mark\Desktop\WARG\autonomy-bootcamp-2026-p2\modules\telemetry\telemetry.py | run | 148] Received ATTITUDE: yaw=0.0
10:55:27: [INFO] [C:\Users\Mark\Desktop\WARG\autonomy-bootcamp-2026-p2\modules\telemetry\telemetry.py | run | 179] Telemetry data received: {
            time_since_boot: 2000,
            x: 1.6666666269302368,
            y: 0.0,
            z: 0.0,
            x_velocity: 1.0,
            y_velocity: 0.0,
            z_velocity: 0.0,
            roll: 0.0,
            pitch: 0.0,
            yaw: 0.0,
            roll_speed: 0.0,
            pitch_speed: 0.0,
            yaw_speed: 3.1415927410125732
        }
10:55:27: [INFO] [C:\Users\Mark\Desktop\WARG\autonomy-bootcamp-2026-p2\modules\telemetry\telemetry_worker.py | telemetry_worker | 74] Telemetry data sent to queue: {
            time_since_boot: 2000,
            x: 1.6666666269302368,
            y: 0.0,
            z: 0.0,
            x_velocity: 1.0,
            y_velocity: 0.0,
            z_velocity: 0.0,
            roll: 0.0,
            pitch: 0.0,
            yaw: 0.0,
            roll_speed: 0.0,
            pitch_speed: 0.0,
            yaw_speed: 3.1415927410125732
        }
10:55:27: [DEBUG] [C:\Users\Mark\Desktop\WARG\autonomy-bootcamp-2026-p2\modules\telemetry\telemetry.py | run | 153] Received LOCAL_POSITION_NED: x=2.0, y=0.0, z=0.0
10:55:28: [DEBUG] [C:\Users\Mark\Desktop\WARG\autonomy-bootcamp-2026-p2\modules\telemetry\telemetry.py | run | 153] Received LOCAL_POSITION_NED: x=2.3333332538604736, y=0.0, z=0.0
10:55:28: [DEBUG] [C:\Users\Mark\Desktop\WARG\autonomy-bootcamp-2026-p2\modules\telemetry\telemetry.py | run | 148] Received ATTITUDE: yaw=1.5707963705062866
10:55:28: [INFO] [C:\Users\Mark\Desktop\WARG\autonomy-bootcamp-2026-p2\modules\telemetry\telemetry.py | run | 179] Telemetry data received: {
            time_since_boot: 2500,
            x: 2.3333332538604736,
            y: 0.0,
            z: 0.0,
            x_velocity: 1.0,
            y_velocity: 0.0,
            z_velocity: 0.0,
            roll: 0.0,
            pitch: 0.0,
            yaw: 1.5707963705062866,
            roll_speed: 0.0,
            pitch_speed: 0.0,
            yaw_speed: 3.1415927410125732
        }
10:55:28: [INFO] [C:\Users\Mark\Desktop\WARG\autonomy-bootcamp-2026-p2\modules\telemetry\telemetry_worker.py | telemetry_worker | 74] Telemetry data sent to queue: {
            time_since_boot: 2500,
            x: 2.3333332538604736,
            y: 0.0,
            z: 0.0,
            x_velocity: 1.0,
            y_velocity: 0.0,
            z_velocity: 0.0,
            roll: 0.0,
            pitch: 0.0,
            yaw: 1.5707963705062866,
            roll_speed: 0.0,
            pitch_speed: 0.0,
            yaw_speed: 3.1415927410125732
        }
10:55:28: [DEBUG] [C:\Users\Mark\Desktop\WARG\autonomy-bootcamp-2026-p2\modules\telemetry\telemetry.py | run | 153] Received LOCAL_POSITION_NED: x=2.6666667461395264, y=0.0, z=0.0
10:55:28: [DEBUG] [C:\Users\Mark\Desktop\WARG\autonomy-bootcamp-2026-p2\modules\telemetry\telemetry.py | run | 148] Received ATTITUDE: yaw=3.1415927410125732
10:55:28: [INFO] [C:\Users\Mark\Desktop\WARG\autonomy-bootcamp-2026-p2\modules\telemetry\telemetry.py | run | 179] Telemetry data received: {
            time_since_boot: 3000,
            x: 2.6666667461395264,
            y: 0.0,
            z: 0.0,
            x_velocity: 1.0,
            y_velocity: 0.0,
            z_velocity: 0.0,
            roll: 0.0,
            pitch: 0.0,
            yaw: 3.1415927410125732,
            roll_speed: 0.0,
            pitch_speed: 0.0,
            yaw_speed: 3.1415927410125732
        }
10:55:28: [INFO] [C:\Users\Mark\Desktop\WARG\autonomy-bootcamp-2026-p2\modules\telemetry\telemetry_worker.py | telemetry_worker | 74] Telemetry data sent to queue: {
            time_since_boot: 3000,
            x: 2.6666667461395264,
            y: 0.0,
            z: 0.0,
            x_velocity: 1.0,
            y_velocity: 0.0,
            z_velocity: 0.0,
            roll: 0.0,
            pitch: 0.0,
            yaw: 3.1415927410125732,
            roll_speed: 0.0,
            pitch_speed: 0.0,
            yaw_speed: 3.1415927410125732
        }
10:55:28: [DEBUG] [C:\Users\Mark\Desktop\WARG\autonomy-bootcamp-2026-p2\modules\telemetry\telemetry.py | run | 153] Received LOCAL_POSITION_NED: x=3.0, y=0.0, z=0.0
10:55:29: [DEBUG] [C:\Users\Mark\Desktop\WARG\autonomy-bootcamp-2026-p2\modules\telemetry\telemetry.py | run | 153] Received LOCAL_POSITION_NED: x=3.3333332538604736, y=0.0, z=0.0
10:55:29: [DEBUG] [C:\Users\Mark\Desktop\WARG\autonomy-bootcamp-2026-p2\modules\telemetry\telemetry.py | run | 148] Received ATTITUDE: yaw=-1.5707963705062866
10:55:29: [INFO] [C:\Users\Mark\Desktop\WARG\autonomy-bootcamp-2026-p2\modules\telemetry\telemetry.py | run | 179] Telemetry data received: {
            time_since_boot: 3500,
            x: 3.3333332538604736,
            y: 0.0,
            z: 0.0,
            x_velocity: 1.0,
            y_velocity: 0.0,
            z_velocity: 0.0,
            roll: 0.0,
            pitch: 0.0,
            yaw: -1.5707963705062866,
            roll_speed: 0.0,
            pitch_speed: 0.0,
            yaw_speed: 3.1415927410125732
        }
10:55:29: [INFO] [C:\Users\Mark\Desktop\WARG\autonomy-bootcamp-2026-p2\modules\telemetry\telemetry_worker.py | telemetry_worker | 74] Telemetry data sent to queue: {
            time_since_boot: 3500,
            x: 3.3333332538604736,
            y: 0.0,
            z: 0.0,
            x_velocity: 1.0,
            y_velocity: 0.0,
            z_velocity: 0.0,
            roll: 0.0,
            pitch: 0.0,
            yaw: -1.5707963705062866,
            roll_speed: 0.0,
            pitch_speed: 0.0,
            yaw_speed: 3.1415927410125732
        }
10:55:29: [DEBUG] [C:\Users\Mark\Desktop\WARG\autonomy-bootcamp-2026-p2\modules\telemetry\telemetry.py | run | 153] Received LOCAL_POSITION_NED: x=3.6666667461395264, y=0.0, z=0.0
10:55:29: [DEBUG] [C:\Users\Mark\Desktop\WARG\autonomy-bootcamp-2026-p2\modules\telemetry\telemetry.py | run | 148] Received ATTITUDE: yaw=0.0
10:55:29: [INFO] [C:\Users\Mark\Desktop\WARG\autonomy-bootcamp-2026-p2\modules\telemetry\telemetry.py | run | 179] Telemetry data received: {
            time_since_boot: 4000,
            x: 3.6666667461395264,
            y: 0.0,
            z: 0.0,
            x_velocity: 1.0,
            y_velocity: 0.0,
            z_velocity: 0.0,
            roll: 0.0,
            pitch: 0.0,
            yaw: 0.0,
            roll_speed: 0.0,
            pitch_speed: 0.0,
            yaw_speed: 3.1415927410125732
        }
10:55:29: [INFO] [C:\Users\Mark\Desktop\WARG\autonomy-bootcamp-2026-p2\modules\telemetry\telemetry_worker.py | telemetry_worker | 74] Telemetry data sent to queue: {
            time_since_boot: 4000,
            x: 3.6666667461395264,
            y: 0.0,
            z: 0.0,
            x_velocity: 1.0,
            y_velocity: 0.0,
            z_velocity: 0.0,
            roll: 0.0,
            pitch: 0.0,
            yaw: 0.0,
            roll_speed: 0.0,
            pitch_speed: 0.0,
            yaw_speed: 3.1415927410125732
        }
10:55:29: [DEBUG] [C:\Users\Mark\Desktop\WARG\autonomy-bootcamp-2026-p2\modules\telemetry\telemetry.py | run | 153] Received LOCAL_POSITION_NED: x=4.0, y=0.0, z=0.0
10:55:30: [DEBUG] [C:\Users\Mark\Desktop\WARG\autonomy-bootcamp-2026-p2\modules\telemetry\telemetry.py | run | 153] Received LOCAL_POSITION_NED: x=4.333333492279053, y=0.0, z=0.0
10:55:30: [DEBUG] [C:\Users\Mark\Desktop\WARG\autonomy-bootcamp-2026-p2\modules\telemetry\telemetry.py | run | 148] Received ATTITUDE: yaw=1.5707963705062866
10:55:30: [INFO] [C:\Users\Mark\Desktop\WARG\autonomy-bootcamp-2026-p2\modules\telemetry\telemetry.py | run | 179] Telemetry data received: {
            time_since_boot: 4500,
            x: 4.333333492279053,
            y: 0.0,
            z: 0.0,
            x_velocity: 1.0,
            y_velocity: 0.0,
            z_velocity: 0.0,
            roll: 0.0,
            pitch: 0.0,
            yaw: 1.5707963705062866,
            roll_speed: 0.0,
            pitch_speed: 0.0,
            yaw_speed: 3.1415927410125732
        }
10:55:30: [INFO] [C:\Users\Mark\Desktop\WARG\autonomy-bootcamp-2026-p2\modules\telemetry\telemetry_worker.py | telemetry_worker | 74] Telemetry data sent to queue: {
            time_since_boot: 4500,
            x: 4.333333492279053,
            y: 0.0,
            z: 0.0,
            x_velocity: 1.0,
            y_velocity: 0.0,
            z_velocity: 0.0,
            roll: 0.0,
            pitch: 0.0,
            yaw: 1.5707963705062866,
            roll_speed: 0.0,
            pitch_speed: 0.0,
            yaw_speed: 3.1415927410125732
        }
10:55:30: [DEBUG] [C:\Users\Mark\Desktop\WARG\autonomy-bootcamp-2026-p2\modules\telemetry\telemetry.py | run | 153] Received LOCAL_POSITION_NED: x=4.666666507720947, y=0.0, z=0.0
10:55:31: [ERROR] [C:\Users\Mark\Desktop\WARG\autonomy-bootcamp-2026-p2\modules\telemetry\telemetry.py | run | 187] Telemetry timeout: did not receive both ATTITUDE and LOCAL_POSITION_NED
10:55:32: [ERROR] [C:\Users\Mark\Desktop\WARG\autonomy-bootcamp-2026-p2\modules\telemetry\telemetry.py | run | 187] Telemetry timeout: did not receive both ATTITUDE and LOCAL_POSITION_NED
10:55:33: [ERROR] [C:\Users\Mark\Desktop\WARG\autonomy-bootcamp-2026-p2\modules\telemetry\telemetry.py | run | 187] Telemetry timeout: did not receive both ATTITUDE and LOCAL_POSITION_NED
10:55:33: [INFO] [C:\Users\Mark\Desktop\WARG\autonomy-bootcamp-2026-p2\modules\telemetry\telemetry_worker.py | telemetry_worker | 76] Telemetry worker exiting
